Log file opened on Tue Mar  3 12:00:37 2020
Host: pc-036940.clients.vu.nl  pid: 32696  nodeid: 0  nnodes:  1
Gromacs version:    VERSION 4.6.7
Precision:          single
Memory model:       64 bit
MPI library:        thread_mpi
OpenMP support:     enabled
GPU support:        disabled
invsqrt routine:    gmx_software_invsqrt(x)
CPU acceleration:   AVX_256
FFT library:        fftw-3.3.3-sse2
Large file support: enabled
RDTSCP usage:       enabled
Built on:           Mon Aug 22 12:47:47 CEST 2016
Built by:           root@co7-3.clients.vu.nl [CMAKE]
Build OS/arch:      Linux 3.10.0-327.28.2.el7.x86_64 x86_64
Build CPU vendor:   GenuineIntel
Build CPU brand:    Intel(R) Core(TM) i5-3470 CPU @ 3.20GHz
Build CPU family:   6   Model: 58   Stepping: 9
Build CPU features: aes apic avx clfsh cmov cx8 cx16 f16c lahf_lm mmx msr nonstop_tsc pcid pclmuldq popcnt pse rdrnd rdtscp sse2 sse3 sse4.1 sse4.2 ssse3 tdt x2apic
C compiler:         /usr/bin/cc GNU cc (GCC) 4.8.5 20150623 (Red Hat 4.8.5-4)
C compiler flags:   -mavx    -Wextra -Wno-missing-field-initializers -Wno-sign-compare -Wall -Wno-unused -Wunused-value -Wno-unused-parameter -Wno-array-bounds -Wno-maybe-uninitialized -Wno-strict-overflow   -fomit-frame-pointer -funroll-all-loops -fexcess-precision=fast  -O3 -DNDEBUG


                         :-)  G  R  O  M  A  C  S  (-:

                God Rules Over Mankind, Animals, Cosmos and Such

                            :-)  VERSION 4.6.7  (-:

        Contributions from Mark Abraham, Emile Apol, Rossen Apostolov, 
           Herman J.C. Berendsen, Aldert van Buuren, Pär Bjelkmar,  
     Rudi van Drunen, Anton Feenstra, Gerrit Groenhof, Christoph Junghans, 
        Peter Kasson, Carsten Kutzner, Per Larsson, Pieter Meulenhoff, 
           Teemu Murtola, Szilard Pall, Sander Pronk, Roland Schulz, 
                Michael Shirts, Alfons Sijbers, Peter Tieleman,

               Berk Hess, David van der Spoel, and Erik Lindahl.

       Copyright (c) 1991-2000, University of Groningen, The Netherlands.
         Copyright (c) 2001-2012,2013, The GROMACS development team at
        Uppsala University & The Royal Institute of Technology, Sweden.
            check out http://www.gromacs.org for more information.

         This program is free software; you can redistribute it and/or
       modify it under the terms of the GNU Lesser General Public License
        as published by the Free Software Foundation; either version 2.1
             of the License, or (at your option) any later version.

                                :-)  mdrun  (-:


++++ PLEASE READ AND CITE THE FOLLOWING REFERENCE ++++
B. Hess and C. Kutzner and D. van der Spoel and E. Lindahl
GROMACS 4: Algorithms for highly efficient, load-balanced, and scalable
molecular simulation
J. Chem. Theory Comput. 4 (2008) pp. 435-447
-------- -------- --- Thank You --- -------- --------


++++ PLEASE READ AND CITE THE FOLLOWING REFERENCE ++++
D. van der Spoel, E. Lindahl, B. Hess, G. Groenhof, A. E. Mark and H. J. C.
Berendsen
GROMACS: Fast, Flexible and Free
J. Comp. Chem. 26 (2005) pp. 1701-1719
-------- -------- --- Thank You --- -------- --------


++++ PLEASE READ AND CITE THE FOLLOWING REFERENCE ++++
E. Lindahl and B. Hess and D. van der Spoel
GROMACS 3.0: A package for molecular simulation and trajectory analysis
J. Mol. Mod. 7 (2001) pp. 306-317
-------- -------- --- Thank You --- -------- --------


++++ PLEASE READ AND CITE THE FOLLOWING REFERENCE ++++
H. J. C. Berendsen, D. van der Spoel and R. van Drunen
GROMACS: A message-passing parallel molecular dynamics implementation
Comp. Phys. Comm. 91 (1995) pp. 43-56
-------- -------- --- Thank You --- -------- --------

Input Parameters:
   integrator           = steep
   nsteps               = 50000
   init-step            = 0
   cutoff-scheme        = Group
   ns_type              = Grid
   nstlist              = 1
   ndelta               = 2
   nstcomm              = 100
   comm-mode            = Linear
   nstlog               = 1000
   nstxout              = 0
   nstvout              = 0
   nstfout              = 0
   nstcalcenergy        = 100
   nstenergy            = 1000
   nstxtcout            = 0
   init-t               = 0
   delta-t              = 0.001
   xtcprec              = 1000
   fourierspacing       = 0.12
   nkx                  = 80
   nky                  = 60
   nkz                  = 48
   pme-order            = 4
   ewald-rtol           = 1e-05
   ewald-geometry       = 0
   epsilon-surface      = 0
   optimize-fft         = FALSE
   ePBC                 = xyz
   bPeriodicMols        = FALSE
   bContinuation        = FALSE
   bShakeSOR            = FALSE
   etc                  = No
   bPrintNHChains       = FALSE
   nsttcouple           = -1
   epc                  = No
   epctype              = Isotropic
   nstpcouple           = -1
   tau-p                = 1
   ref-p (3x3):
      ref-p[    0]={ 0.00000e+00,  0.00000e+00,  0.00000e+00}
      ref-p[    1]={ 0.00000e+00,  0.00000e+00,  0.00000e+00}
      ref-p[    2]={ 0.00000e+00,  0.00000e+00,  0.00000e+00}
   compress (3x3):
      compress[    0]={ 0.00000e+00,  0.00000e+00,  0.00000e+00}
      compress[    1]={ 0.00000e+00,  0.00000e+00,  0.00000e+00}
      compress[    2]={ 0.00000e+00,  0.00000e+00,  0.00000e+00}
   refcoord-scaling     = No
   posres-com (3):
      posres-com[0]= 0.00000e+00
      posres-com[1]= 0.00000e+00
      posres-com[2]= 0.00000e+00
   posres-comB (3):
      posres-comB[0]= 0.00000e+00
      posres-comB[1]= 0.00000e+00
      posres-comB[2]= 0.00000e+00
   verlet-buffer-drift  = 0.005
   rlist                = 1.4
   rlistlong            = 1.4
   nstcalclr            = 0
   rtpi                 = 0.05
   coulombtype          = PME
   coulomb-modifier     = None
   rcoulomb-switch      = 0
   rcoulomb             = 1.4
   vdwtype              = Cut-off
   vdw-modifier         = None
   rvdw-switch          = 0
   rvdw                 = 1.4
   epsilon-r            = 1
   epsilon-rf           = inf
   tabext               = 1
   implicit-solvent     = No
   gb-algorithm         = Still
   gb-epsilon-solvent   = 80
   nstgbradii           = 1
   rgbradii             = 1
   gb-saltconc          = 0
   gb-obc-alpha         = 1
   gb-obc-beta          = 0.8
   gb-obc-gamma         = 4.85
   gb-dielectric-offset = 0.009
   sa-algorithm         = Ace-approximation
   sa-surface-tension   = 2.05016
   DispCorr             = No
   bSimTemp             = FALSE
   free-energy          = no
   nwall                = 0
   wall-type            = 9-3
   wall-atomtype[0]     = -1
   wall-atomtype[1]     = -1
   wall-density[0]      = 0
   wall-density[1]      = 0
   wall-ewald-zfac      = 3
   pull                 = no
   rotation             = FALSE
   disre                = No
   disre-weighting      = Conservative
   disre-mixed          = FALSE
   dr-fc                = 1000
   dr-tau               = 0
   nstdisreout          = 100
   orires-fc            = 0
   orires-tau           = 0
   nstorireout          = 100
   dihre-fc             = 0
   em-stepsize          = 0.01
   em-tol               = 1000
   niter                = 20
   fc-stepsize          = 0
   nstcgsteep           = 1000
   nbfgscorr            = 10
   ConstAlg             = Lincs
   shake-tol            = 0.0001
   lincs-order          = 4
   lincs-warnangle      = 30
   lincs-iter           = 1
   bd-fric              = 0
   ld-seed              = 1993
   cos-accel            = 0
   deform (3x3):
      deform[    0]={ 0.00000e+00,  0.00000e+00,  0.00000e+00}
      deform[    1]={ 0.00000e+00,  0.00000e+00,  0.00000e+00}
      deform[    2]={ 0.00000e+00,  0.00000e+00,  0.00000e+00}
   adress               = FALSE
   userint1             = 0
   userint2             = 0
   userint3             = 0
   userint4             = 0
   userreal1            = 0
   userreal2            = 0
   userreal3            = 0
   userreal4            = 0
grpopts:
   nrdf:        7014
   ref-t:           0
   tau-t:           0
anneal:          No
ann-npoints:           0
   acc:	           0           0           0
   nfreeze:           N           N           N
   energygrp-flags[  0]: 0
   efield-x:
      n = 0
   efield-xt:
      n = 0
   efield-y:
      n = 0
   efield-yt:
      n = 0
   efield-z:
      n = 0
   efield-zt:
      n = 0
   bQMMM                = FALSE
   QMconstraints        = 0
   QMMMscheme           = 0
   scalefactor          = 1
qm-opts:
   ngQM                 = 0
Using 1 MPI thread

Detecting CPU-specific acceleration.
Present hardware specification:
Vendor: GenuineIntel
Brand:  Intel(R) Core(TM) i5-6600 CPU @ 3.30GHz
Family:  6  Model: 94  Stepping:  3
Features: aes apic avx avx2 clfsh cmov cx8 cx16 f16c fma htt lahf_lm mmx msr nonstop_tsc pcid pclmuldq pdcm pdpe1gb popcnt pse rdrnd rdtscp sse2 sse3 sse4.1 sse4.2 ssse3 tdt x2apic
Acceleration most likely to fit this hardware: AVX_256
Acceleration selected at GROMACS compile time: AVX_256

Table routines are used for coulomb: FALSE
Table routines are used for vdw:     FALSE
Will do PME sum in reciprocal space.

++++ PLEASE READ AND CITE THE FOLLOWING REFERENCE ++++
U. Essmann, L. Perera, M. L. Berkowitz, T. Darden, H. Lee and L. G. Pedersen 
A smooth particle mesh Ewald method
J. Chem. Phys. 103 (1995) pp. 8577-8592
-------- -------- --- Thank You --- -------- --------

Will do ordinary reciprocal space Ewald sum.
Using a Gaussian width (1/beta) of 0.448228 nm for Ewald
Cut-off's:   NS: 1.4   Coulomb: 1.4   LJ: 1.4
System total charge: -1.000
Generated table with 1200 data points for Ewald.
Tabscale = 500 points/nm
Generated table with 1200 data points for LJ6.
Tabscale = 500 points/nm
Generated table with 1200 data points for LJ12.
Tabscale = 500 points/nm
Generated table with 1200 data points for 1-4 COUL.
Tabscale = 500 points/nm
Generated table with 1200 data points for 1-4 LJ6.
Tabscale = 500 points/nm
Generated table with 1200 data points for 1-4 LJ12.
Tabscale = 500 points/nm
Potential shift: LJ r^-12: 0.000 r^-6 0.000, Ewald 0.000e+00
Initialized non-bonded Ewald correction tables, spacing: 7.81e-04 size: 3076

Removing pbc first time
Initiating Steepest Descents
Max number of connections per atom is 36
Total number of connections is 40728
Max number of graph edges per atom is 4
Total number of graph edges is 4734
Started Steepest Descents on node 0 Tue Mar  3 12:00:38 2020

Steepest Descents:
   Tolerance (Fmax)   =  1.00000e+03
   Number of steps    =        50000

Grid: 7 x 5 x 4 cells
           Step           Time         Lambda
              0        0.00000        0.00000

   Energies (kJ/mol)
        G96Bond       G96Angle    Proper Dih.  Improper Dih.          LJ-14
    2.04639e+03    1.89675e+03    1.09482e+03    1.28810e+02    1.28761e+03
     Coulomb-14        LJ (SR)   Coulomb (SR)   Coul. recip.      Potential
    3.78161e+04    5.72519e+03   -1.79920e+04   -3.25574e+04   -5.53770e+02
 Pressure (bar)
    0.00000e+00

           Step           Time         Lambda
              1        1.00000        0.00000

   Energies (kJ/mol)
        G96Bond       G96Angle    Proper Dih.  Improper Dih.          LJ-14
    2.05319e+03    1.88982e+03    1.09473e+03    1.28634e+02    1.28559e+03
     Coulomb-14        LJ (SR)   Coulomb (SR)   Coul. recip.      Potential
    3.78109e+04   -1.15752e+03   -1.79875e+04   -3.25575e+04   -7.43973e+03
 Pressure (bar)
    0.00000e+00

           Step           Time         Lambda
              2        2.00000        0.00000

   Energies (kJ/mol)
        G96Bond       G96Angle    Proper Dih.  Improper Dih.          LJ-14
    1.93733e+03    1.85875e+03    1.09432e+03    1.27491e+02    1.27519e+03
     Coulomb-14        LJ (SR)   Coulomb (SR)   Coul. recip.      Potential
    3.78030e+04   -3.72714e+03   -1.79935e+04   -3.25600e+04   -1.01845e+04
 Pressure (bar)
    0.00000e+00

           Step           Time         Lambda
              3        3.00000        0.00000

   Energies (kJ/mol)
        G96Bond       G96Angle    Proper Dih.  Improper Dih.          LJ-14
    1.27363e+03    1.68883e+03    1.09258e+03    1.21062e+02    1.21972e+03
     Coulomb-14        LJ (SR)   Coulomb (SR)   Coul. recip.      Potential
    3.77651e+04   -4.60775e+03   -1.80261e+04   -3.25746e+04   -1.20475e+04
 Pressure (bar)
    0.00000e+00

           Step           Time         Lambda
              4        4.00000        0.00000

   Energies (kJ/mol)
        G96Bond       G96Angle    Proper Dih.  Improper Dih.          LJ-14
    1.09989e+03    1.30307e+03    1.08913e+03    1.22947e+02    9.99800e+02
     Coulomb-14        LJ (SR)   Coulomb (SR)   Coul. recip.      Potential
    3.76241e+04   -5.14352e+03   -1.81412e+04   -3.26215e+04   -1.36673e+04
 Pressure (bar)
    0.00000e+00

           Step           Time         Lambda
              5        5.00000        0.00000

           Step           Time         Lambda
              6        6.00000        0.00000

   Energies (kJ/mol)
        G96Bond       G96Angle    Proper Dih.  Improper Dih.          LJ-14
    4.69949e+02    1.22629e+03    1.08059e+03    1.17196e+02    9.56086e+02
     Coulomb-14        LJ (SR)   Coulomb (SR)   Coul. recip.      Potential
    3.76122e+04   -5.23469e+03   -1.81280e+04   -3.26025e+04   -1.45028e+04
 Pressure (bar)
    0.00000e+00

           Step           Time         Lambda
              7        7.00000        0.00000

           Step           Time         Lambda
              8        8.00000        0.00000

   Energies (kJ/mol)
        G96Bond       G96Angle    Proper Dih.  Improper Dih.          LJ-14
    3.78184e+02    1.10764e+03    1.08039e+03    1.28896e+02    8.73559e+02
     Coulomb-14        LJ (SR)   Coulomb (SR)   Coul. recip.      Potential
    3.75670e+04   -5.31925e+03   -1.81837e+04   -3.26303e+04   -1.49976e+04
 Pressure (bar)
    0.00000e+00

           Step           Time         Lambda
              9        9.00000        0.00000

   Energies (kJ/mol)
        G96Bond       G96Angle    Proper Dih.  Improper Dih.          LJ-14
    3.10481e+02    1.07152e+03    1.07744e+03    1.38272e+02    8.04551e+02
     Coulomb-14        LJ (SR)   Coulomb (SR)   Coul. recip.      Potential
    3.75219e+04   -5.41724e+03   -1.81805e+04   -3.26243e+04   -1.52979e+04
 Pressure (bar)
    0.00000e+00

           Step           Time         Lambda
             10       10.00000        0.00000

   Energies (kJ/mol)
        G96Bond       G96Angle    Proper Dih.  Improper Dih.          LJ-14
    4.62899e+02    1.05394e+03    1.07741e+03    1.56041e+02    7.21140e+02
     Coulomb-14        LJ (SR)   Coulomb (SR)   Coul. recip.      Potential
    3.74840e+04   -5.50201e+03   -1.82643e+04   -3.26611e+04   -1.54720e+04
 Pressure (bar)
    0.00000e+00

           Step           Time         Lambda
             11       11.00000        0.00000

   Energies (kJ/mol)
        G96Bond       G96Angle    Proper Dih.  Improper Dih.          LJ-14
    2.95627e+02    1.02715e+03    1.07620e+03    1.59167e+02    7.02991e+02
     Coulomb-14        LJ (SR)   Coulomb (SR)   Coul. recip.      Potential
    3.74560e+04   -5.54498e+03   -1.82179e+04   -3.26420e+04   -1.56877e+04
 Pressure (bar)
    0.00000e+00

           Step           Time         Lambda
             12       12.00000        0.00000

           Step           Time         Lambda
             13       13.00000        0.00000

   Energies (kJ/mol)
        G96Bond       G96Angle    Proper Dih.  Improper Dih.          LJ-14
    2.28479e+02    1.01812e+03    1.07633e+03    1.68182e+02    6.61654e+02
     Coulomb-14        LJ (SR)   Coulomb (SR)   Coul. recip.      Potential
    3.74429e+04   -5.58317e+03   -1.82712e+04   -3.26634e+04   -1.59221e+04
 Pressure (bar)
    0.00000e+00

           Step           Time         Lambda
             14       14.00000        0.00000

   Energies (kJ/mol)
        G96Bond       G96Angle    Proper Dih.  Improper Dih.          LJ-14
    2.82810e+02    1.01107e+03    1.07594e+03    1.86243e+02    5.92283e+02
     Coulomb-14        LJ (SR)   Coulomb (SR)   Coul. recip.      Potential
    3.73841e+04   -5.67707e+03   -1.82677e+04   -3.26661e+04   -1.60784e+04
 Pressure (bar)
    0.00000e+00

           Step           Time         Lambda
             15       15.00000        0.00000

   Energies (kJ/mol)
        G96Bond       G96Angle    Proper Dih.  Improper Dih.          LJ-14
    2.72410e+02    1.03193e+03    1.07638e+03    1.96563e+02    5.49838e+02
     Coulomb-14        LJ (SR)   Coulomb (SR)   Coul. recip.      Potential
    3.73749e+04   -5.71408e+03   -1.83367e+04   -3.26919e+04   -1.62407e+04
 Pressure (bar)
    0.00000e+00

           Step           Time         Lambda
             16       16.00000        0.00000

   Energies (kJ/mol)
        G96Bond       G96Angle    Proper Dih.  Improper Dih.          LJ-14
    3.13502e+02    1.01590e+03    1.07603e+03    2.02479e+02    5.28375e+02
     Coulomb-14        LJ (SR)   Coulomb (SR)   Coul. recip.      Potential
    3.73396e+04   -5.75445e+03   -1.82982e+04   -3.26813e+04   -1.62580e+04
 Pressure (bar)
    0.00000e+00

           Step           Time         Lambda
             17       17.00000        0.00000

   Energies (kJ/mol)
        G96Bond       G96Angle    Proper Dih.  Improper Dih.          LJ-14
    3.48290e+02    1.05736e+03    1.07667e+03    2.13683e+02    4.84783e+02
     Coulomb-14        LJ (SR)   Coulomb (SR)   Coul. recip.      Potential
    3.73331e+04   -5.78902e+03   -1.83807e+04   -3.27118e+04   -1.63676e+04
 Pressure (bar)
    0.00000e+00

           Step           Time         Lambda
             18       18.00000        0.00000

           Step           Time         Lambda
             19       19.00000        0.00000

   Energies (kJ/mol)
        G96Bond       G96Angle    Proper Dih.  Improper Dih.          LJ-14
    1.83061e+02    1.01686e+03    1.07636e+03    2.14532e+02    4.79565e+02
     Coulomb-14        LJ (SR)   Coulomb (SR)   Coul. recip.      Potential
    3.73163e+04   -5.80390e+03   -1.83509e+04   -3.27027e+04   -1.65708e+04
 Pressure (bar)
    0.00000e+00

           Step           Time         Lambda
             20       20.00000        0.00000

   Energies (kJ/mol)
        G96Bond       G96Angle    Proper Dih.  Improper Dih.          LJ-14
    3.96229e+02    1.08844e+03    1.07768e+03    2.41355e+02    3.85002e+02
     Coulomb-14        LJ (SR)   Coulomb (SR)   Coul. recip.      Potential
    3.72644e+04   -5.90172e+03   -1.84441e+04   -3.27426e+04   -1.66353e+04
 Pressure (bar)
    0.00000e+00

           Step           Time         Lambda
             21       21.00000        0.00000

   Energies (kJ/mol)
        G96Bond       G96Angle    Proper Dih.  Improper Dih.          LJ-14
    1.86442e+02    1.03692e+03    1.07728e+03    2.40712e+02    3.84364e+02
     Coulomb-14        LJ (SR)   Coulomb (SR)   Coul. recip.      Potential
    3.72471e+04   -5.91340e+03   -1.84084e+04   -3.27310e+04   -1.68800e+04
 Pressure (bar)
    0.00000e+00

           Step           Time         Lambda
             22       22.00000        0.00000

           Step           Time         Lambda
             23       23.00000        0.00000

   Energies (kJ/mol)
        G96Bond       G96Angle    Proper Dih.  Improper Dih.          LJ-14
    2.20678e+02    1.06277e+03    1.07767e+03    2.48013e+02    3.55597e+02
     Coulomb-14        LJ (SR)   Coulomb (SR)   Coul. recip.      Potential
    3.72323e+04   -5.94120e+03   -1.84455e+04   -3.27468e+04   -1.69364e+04
 Pressure (bar)
    0.00000e+00

           Step           Time         Lambda
             24       24.00000        0.00000

   Energies (kJ/mol)
        G96Bond       G96Angle    Proper Dih.  Improper Dih.          LJ-14
    1.99883e+02    1.04598e+03    1.07754e+03    2.50323e+02    3.46823e+02
     Coulomb-14        LJ (SR)   Coulomb (SR)   Coul. recip.      Potential
    3.72174e+04   -5.95749e+03   -1.84339e+04   -3.27438e+04   -1.69972e+04
 Pressure (bar)
    0.00000e+00

           Step           Time         Lambda
             25       25.00000        0.00000

   Energies (kJ/mol)
        G96Bond       G96Angle    Proper Dih.  Improper Dih.          LJ-14
    2.54173e+02    1.08140e+03    1.07799e+03    2.57083e+02    3.19769e+02
     Coulomb-14        LJ (SR)   Coulomb (SR)   Coul. recip.      Potential
    3.72048e+04   -5.98093e+03   -1.84761e+04   -3.27614e+04   -1.70232e+04
 Pressure (bar)
    0.00000e+00

           Step           Time         Lambda
             26       26.00000        0.00000

   Energies (kJ/mol)
        G96Bond       G96Angle    Proper Dih.  Improper Dih.          LJ-14
    2.31790e+02    1.05544e+03    1.07780e+03    2.58616e+02    3.14587e+02
     Coulomb-14        LJ (SR)   Coulomb (SR)   Coul. recip.      Potential
    3.71905e+04   -5.99522e+03   -1.84566e+04   -3.27554e+04   -1.70784e+04
 Pressure (bar)
    0.00000e+00

           Step           Time         Lambda
             27       27.00000        0.00000

           Step           Time         Lambda
             28       28.00000        0.00000

   Energies (kJ/mol)
        G96Bond       G96Angle    Proper Dih.  Improper Dih.          LJ-14
    1.83767e+02    1.06847e+03    1.07802e+03    2.61727e+02    3.00748e+02
     Coulomb-14        LJ (SR)   Coulomb (SR)   Coul. recip.      Potential
    3.71849e+04   -6.00541e+03   -1.84812e+04   -3.27655e+04   -1.71744e+04
 Pressure (bar)
    0.00000e+00

           Step           Time         Lambda
             29       29.00000        0.00000

   Energies (kJ/mol)
        G96Bond       G96Angle    Proper Dih.  Improper Dih.          LJ-14
    2.71975e+02    1.07567e+03    1.07853e+03    2.72680e+02    2.61867e+02
     Coulomb-14        LJ (SR)   Coulomb (SR)   Coul. recip.      Potential
    3.71486e+04   -6.05459e+03   -1.85023e+04   -3.27782e+04   -1.72258e+04
 Pressure (bar)
    0.00000e+00

           Step           Time         Lambda
             30       30.00000        0.00000

   Energies (kJ/mol)
        G96Bond       G96Angle    Proper Dih.  Improper Dih.          LJ-14
    1.99751e+02    1.09166e+03    1.07870e+03    2.75656e+02    2.46582e+02
     Coulomb-14        LJ (SR)   Coulomb (SR)   Coul. recip.      Potential
    3.71406e+04   -6.06390e+03   -1.85307e+04   -3.27897e+04   -1.73514e+04
 Pressure (bar)
    0.00000e+00

           Step           Time         Lambda
             31       31.00000        0.00000

           Step           Time         Lambda
             32       32.00000        0.00000

   Energies (kJ/mol)
        G96Bond       G96Angle    Proper Dih.  Improper Dih.          LJ-14
    1.95369e+02    1.08202e+03    1.07879e+03    2.77769e+02    2.39015e+02
     Coulomb-14        LJ (SR)   Coulomb (SR)   Coul. recip.      Potential
    3.71322e+04   -6.07572e+03   -1.85309e+04   -3.27909e+04   -1.73923e+04
 Pressure (bar)
    0.00000e+00

           Step           Time         Lambda
             33       33.00000        0.00000

   Energies (kJ/mol)
        G96Bond       G96Angle    Proper Dih.  Improper Dih.          LJ-14
    2.16640e+02    1.10456e+03    1.07899e+03    2.81493e+02    2.22655e+02
     Coulomb-14        LJ (SR)   Coulomb (SR)   Coul. recip.      Potential
    3.71202e+04   -6.08951e+03   -1.85555e+04   -3.28018e+04   -1.74223e+04
 Pressure (bar)
    0.00000e+00

           Step           Time         Lambda
             34       34.00000        0.00000

   Energies (kJ/mol)
        G96Bond       G96Angle    Proper Dih.  Improper Dih.          LJ-14
    2.14784e+02    1.08940e+03    1.07906e+03    2.83222e+02    2.17282e+02
     Coulomb-14        LJ (SR)   Coulomb (SR)   Coul. recip.      Potential
    3.71129e+04   -6.10022e+03   -1.85521e+04   -3.28014e+04   -1.74571e+04
 Pressure (bar)
    0.00000e+00

           Step           Time         Lambda
             35       35.00000        0.00000

   Energies (kJ/mol)
        G96Bond       G96Angle    Proper Dih.  Improper Dih.          LJ-14
    2.46694e+02    1.11951e+03    1.07927e+03    2.86778e+02    2.00797e+02
     Coulomb-14        LJ (SR)   Coulomb (SR)   Coul. recip.      Potential
    3.71010e+04   -6.11243e+03   -1.85795e+04   -3.28137e+04   -1.74716e+04
 Pressure (bar)
    0.00000e+00

           Step           Time         Lambda
             36       36.00000        0.00000

   Energies (kJ/mol)
        G96Bond       G96Angle    Proper Dih.  Improper Dih.          LJ-14
    2.57678e+02    1.09783e+03    1.07935e+03    2.88195e+02    1.97912e+02
     Coulomb-14        LJ (SR)   Coulomb (SR)   Coul. recip.      Potential
    3.70949e+04   -6.12233e+03   -1.85716e+04   -3.28113e+04   -1.74893e+04
 Pressure (bar)
    0.00000e+00

           Step           Time         Lambda
             37       37.00000        0.00000

           Step           Time         Lambda
             38       38.00000        0.00000

   Energies (kJ/mol)
        G96Bond       G96Angle    Proper Dih.  Improper Dih.          LJ-14
    1.84886e+02    1.10662e+03    1.07944e+03    2.89841e+02    1.88508e+02
     Coulomb-14        LJ (SR)   Coulomb (SR)   Coul. recip.      Potential
    3.70885e+04   -6.12782e+03   -1.85874e+04   -3.28184e+04   -1.75959e+04
 Pressure (bar)
    0.00000e+00

           Step           Time         Lambda
             39       39.00000        0.00000

   Energies (kJ/mol)
        G96Bond       G96Angle    Proper Dih.  Improper Dih.          LJ-14
    2.72725e+02    1.12005e+03    1.08039e+03    3.00502e+02    1.51511e+02
     Coulomb-14        LJ (SR)   Coulomb (SR)   Coul. recip.      Potential
    3.70551e+04   -6.17158e+03   -1.86280e+04   -3.28397e+04   -1.76591e+04
 Pressure (bar)
    0.00000e+00

           Step           Time         Lambda
             40       40.00000        0.00000

   Energies (kJ/mol)
        G96Bond       G96Angle    Proper Dih.  Improper Dih.          LJ-14
    2.07853e+02    1.13170e+03    1.08035e+03    3.01837e+02    1.40322e+02
     Coulomb-14        LJ (SR)   Coulomb (SR)   Coul. recip.      Potential
    3.70441e+04   -6.17720e+03   -1.86444e+04   -3.28471e+04   -1.77626e+04
 Pressure (bar)
    0.00000e+00

           Step           Time         Lambda
             41       41.00000        0.00000

           Step           Time         Lambda
             42       42.00000        0.00000

   Energies (kJ/mol)
        G96Bond       G96Angle    Proper Dih.  Improper Dih.          LJ-14
    2.04033e+02    1.12257e+03    1.08056e+03    3.03293e+02    1.36319e+02
     Coulomb-14        LJ (SR)   Coulomb (SR)   Coul. recip.      Potential
    3.70408e+04   -6.18439e+03   -1.86474e+04   -3.28489e+04   -1.77932e+04
 Pressure (bar)
    0.00000e+00

           Step           Time         Lambda
             43       43.00000        0.00000

   Energies (kJ/mol)
        G96Bond       G96Angle    Proper Dih.  Improper Dih.          LJ-14
    2.25366e+02    1.14268e+03    1.08069e+03    3.05407e+02    1.24969e+02
     Coulomb-14        LJ (SR)   Coulomb (SR)   Coul. recip.      Potential
    3.70290e+04   -6.19290e+03   -1.86646e+04   -3.28574e+04   -1.78068e+04
 Pressure (bar)
    0.00000e+00

           Step           Time         Lambda
             44       44.00000        0.00000

   Energies (kJ/mol)
        G96Bond       G96Angle    Proper Dih.  Improper Dih.          LJ-14
    2.28775e+02    1.12854e+03    1.08090e+03    3.06760e+02    1.22495e+02
     Coulomb-14        LJ (SR)   Coulomb (SR)   Coul. recip.      Potential
    3.70269e+04   -6.19974e+03   -1.86658e+04   -3.28583e+04   -1.78294e+04
 Pressure (bar)
    0.00000e+00

           Step           Time         Lambda
             45       45.00000        0.00000

   Energies (kJ/mol)
        G96Bond       G96Angle    Proper Dih.  Improper Dih.          LJ-14
    2.58863e+02    1.15602e+03    1.08101e+03    3.08692e+02    1.10580e+02
     Coulomb-14        LJ (SR)   Coulomb (SR)   Coul. recip.      Potential
    3.70144e+04   -6.20724e+03   -1.86844e+04   -3.28677e+04   -1.78297e+04
 Pressure (bar)
    0.00000e+00

           Step           Time         Lambda
             46       46.00000        0.00000

           Step           Time         Lambda
             47       47.00000        0.00000

   Energies (kJ/mol)
        G96Bond       G96Angle    Proper Dih.  Improper Dih.          LJ-14
    1.88878e+02    1.13604e+03    1.08110e+03    3.09285e+02    1.09790e+02
     Coulomb-14        LJ (SR)   Coulomb (SR)   Coul. recip.      Potential
    3.70142e+04   -6.21047e+03   -1.86836e+04   -3.28674e+04   -1.79221e+04
 Pressure (bar)
    0.00000e+00


Steepest Descents converged to Fmax < 1000 in 48 steps
Potential Energy  = -1.7922148e+04
Maximum force     =  8.6599365e+02 on atom 1186
Norm of force     =  9.5311455e+01

	M E G A - F L O P S   A C C O U N T I N G

 NB=Group-cutoff nonbonded kernels    NxN=N-by-N cluster Verlet kernels
 RF=Reaction-Field  VdW=Van der Waals  QSTab=quadratic-spline table
 W3=SPC/TIP3p  W4=TIP4p (single or pairs)
 V&F=Potential and force  V=Potential only  F=Force only

 Computing:                               M-Number         M-Flops  % Flops
-----------------------------------------------------------------------------
 NB VdW [V&F]                           321.779136         321.779     6.5
 NB Elec. [V&F]                         412.337784         412.338     8.4
 NB VdW & Elec. [V&F]                   609.565104         609.565    12.4
 1,4 nonbonded interactions               0.188208          16.939     0.3
 Calc Weights                             0.336816          12.125     0.2
 Spread Q Bspline                         7.185408          14.371     0.3
 Gather F Bspline                         7.185408          43.112     0.9
 3D-FFT                                 394.012320        3152.099    64.1
 Solve PME                                0.230400          14.746     0.3
 NS-Pairs                                12.424078         260.906     5.3
 Reset In Box                             0.047952           0.144     0.0
 Shift-X                                  0.112272           0.674     0.0
 CG-CoM                                   0.112272           0.337     0.0
 Bonds                                    0.113616           6.703     0.1
 Angles                                   0.165600          27.821     0.6
 Propers                                  0.060288          13.806     0.3
 Impropers                                0.054528          11.342     0.2
 Virial                                   0.114432           2.060     0.0
-----------------------------------------------------------------------------
 Total                                                    4920.865   100.0
-----------------------------------------------------------------------------


     R E A L   C Y C L E   A N D   T I M E   A C C O U N T I N G

 Computing:         Nodes   Th.     Count  Wall t (s)     G-Cycles       %
-----------------------------------------------------------------------------
 Neighbor search        1    1         48       0.117        0.775    19.0
 Force                  1    1         48       0.070        0.466    11.4
 PME mesh               1    1         48       0.109        0.724    17.8
 Rest                   1                       0.318        2.107    51.7
-----------------------------------------------------------------------------
 Total                  1                       0.615        4.072   100.0
-----------------------------------------------------------------------------
-----------------------------------------------------------------------------
 PME spread/gather      1    1         96       0.016        0.107     2.6
 PME 3D-FFT             1    1         96       0.050        0.334     8.2
 PME solve              1    1         48       0.043        0.282     6.9
-----------------------------------------------------------------------------

               Core t (s)   Wall t (s)        (%)
       Time:        0.590        0.615       96.0
               (steps/hour)
Performance:       281083.9
Finished mdrun on node 0 Tue Mar  3 12:00:38 2020
